2021-08-09 23:23:15,471 [main] ERROR o.e.m2e.editor.pom.MavenPomEditor - Cannot determine URI for '/springPridDevBank-master/pom.xml'.
org.eclipse.ui.PartInitException: Cannot determine URI for '/springPridDevBank-master/pom.xml'.
	at org.eclipse.ui.texteditor.AbstractTextEditor.internalInit(AbstractTextEditor.java:3210) ~[na:na]
	at org.eclipse.ui.texteditor.AbstractTextEditor.init(AbstractTextEditor.java:3221) ~[na:na]
	at org.eclipse.wst.sse.ui.StructuredTextEditor.init(StructuredTextEditor.java:2708) ~[na:na]
	at org.eclipse.ui.part.MultiPageEditorPart.addPage(MultiPageEditorPart.java:224) ~[na:na]
	at org.eclipse.ui.forms.editor.FormEditor.addPage(FormEditor.java:333) ~[na:na]
	at org.eclipse.ui.part.MultiPageEditorPart.addPage(MultiPageEditorPart.java:203) ~[na:na]
	at org.eclipse.ui.forms.editor.FormEditor.addPage(FormEditor.java:315) ~[na:na]
	at org.eclipse.m2e.editor.pom.MavenPomEditor.addSourcePage(MavenPomEditor.java:604) ~[na:na]
	at org.eclipse.m2e.editor.pom.MavenPomEditor.addPages(MavenPomEditor.java:342) ~[na:na]
	at org.eclipse.ui.forms.editor.FormEditor.createPages(FormEditor.java:143) ~[na:na]
	at org.eclipse.ui.part.MultiPageEditorPart.createPartControl(MultiPageEditorPart.java:333) ~[na:na]
	at org.eclipse.ui.internal.e4.compatibility.CompatibilityPart.createPartControl(CompatibilityPart.java:154) ~[na:na]
	at org.eclipse.ui.internal.e4.compatibility.CompatibilityEditor.createPartControl(CompatibilityEditor.java:96) ~[na:na]
	at org.eclipse.ui.internal.e4.compatibility.CompatibilityPart.create(CompatibilityPart.java:361) ~[na:na]
	at java.base/jdk.internal.reflect.NativeMethodAccessorImpl.invoke0(Native Method) ~[na:na]
	at java.base/jdk.internal.reflect.NativeMethodAccessorImpl.invoke(NativeMethodAccessorImpl.java:62) ~[na:na]
	at java.base/jdk.internal.reflect.DelegatingMethodAccessorImpl.invoke(DelegatingMethodAccessorImpl.java:43) ~[na:na]
	at java.base/java.lang.reflect.Method.invoke(Method.java:566) ~[na:na]
	at org.eclipse.e4.core.internal.di.MethodRequestor.execute(MethodRequestor.java:58) ~[na:na]
	at org.eclipse.e4.core.internal.di.InjectorImpl.processAnnotated(InjectorImpl.java:1002) ~[na:na]
	at org.eclipse.e4.core.internal.di.InjectorImpl.processAnnotated(InjectorImpl.java:967) ~[na:na]
	at org.eclipse.e4.core.internal.di.InjectorImpl.internalInject(InjectorImpl.java:139) ~[na:na]
	at org.eclipse.e4.core.internal.di.InjectorImpl.internalMake(InjectorImpl.java:408) ~[na:na]
	at org.eclipse.e4.core.internal.di.InjectorImpl.make(InjectorImpl.java:331) ~[na:na]
	at org.eclipse.e4.core.contexts.ContextInjectionFactory.make(ContextInjectionFactory.java:202) ~[na:na]
	at org.eclipse.e4.ui.internal.workbench.ReflectionContributionFactory.createFromBundle(ReflectionContributionFactory.java:91) ~[na:na]
	at org.eclipse.e4.ui.internal.workbench.ReflectionContributionFactory.doCreate(ReflectionContributionFactory.java:60) ~[na:na]
	at org.eclipse.e4.ui.internal.workbench.ReflectionContributionFactory.create(ReflectionContributionFactory.java:42) ~[na:na]
	at org.eclipse.e4.ui.workbench.renderers.swt.ContributedPartRenderer.createWidget(ContributedPartRenderer.java:132) ~[na:na]
	at org.eclipse.e4.ui.internal.workbench.swt.PartRenderingEngine.createWidget(PartRenderingEngine.java:1002) ~[na:na]
	at org.eclipse.e4.ui.internal.workbench.swt.PartRenderingEngine.safeCreateGui(PartRenderingEngine.java:662) ~[na:na]
	at org.eclipse.e4.ui.internal.workbench.swt.PartRenderingEngine.safeCreateGui(PartRenderingEngine.java:768) ~[na:na]
	at org.eclipse.e4.ui.internal.workbench.swt.PartRenderingEngine.access$0(PartRenderingEngine.java:739) ~[na:na]
	at org.eclipse.e4.ui.internal.workbench.swt.PartRenderingEngine$2.run(PartRenderingEngine.java:733) ~[na:na]
	at org.eclipse.core.runtime.SafeRunner.run(SafeRunner.java:45) ~[org.eclipse.equinox.common_3.10.600.v20191004-1420.jar:na]
	at org.eclipse.e4.ui.internal.workbench.swt.PartRenderingEngine.createGui(PartRenderingEngine.java:717) ~[na:na]
	at org.eclipse.e4.ui.workbench.renderers.swt.StackRenderer.showTab(StackRenderer.java:1297) ~[na:na]
	at org.eclipse.e4.ui.workbench.renderers.swt.LazyStackRenderer.lambda$0(LazyStackRenderer.java:75) ~[na:na]
	at org.eclipse.e4.ui.services.internal.events.UIEventHandler.lambda$0(UIEventHandler.java:38) ~[na:na]
	at org.eclipse.swt.widgets.Synchronizer.syncExec(Synchronizer.java:236) ~[org.eclipse.swt.gtk.linux.x86_64_3.113.0.v20191204-0601.jar:na]
	at org.eclipse.ui.internal.UISynchronizer.syncExec(UISynchronizer.java:146) ~[na:na]
	at org.eclipse.swt.widgets.Display.syncExec(Display.java:5786) ~[org.eclipse.swt.gtk.linux.x86_64_3.113.0.v20191204-0601.jar:na]
	at org.eclipse.e4.ui.internal.workbench.swt.E4Application$1.syncExec(E4Application.java:219) ~[na:na]
	at org.eclipse.e4.ui.services.internal.events.UIEventHandler.handleEvent(UIEventHandler.java:38) ~[na:na]
	at org.eclipse.equinox.internal.event.EventHandlerWrapper.handleEvent(EventHandlerWrapper.java:205) ~[na:na]
	at org.eclipse.equinox.internal.event.EventHandlerTracker.dispatchEvent(EventHandlerTracker.java:203) ~[na:na]
	at org.eclipse.equinox.internal.event.EventHandlerTracker.dispatchEvent(EventHandlerTracker.java:1) ~[na:na]
	at org.eclipse.osgi.framework.eventmgr.EventManager.dispatchEvent(EventManager.java:234) ~[org.eclipse.osgi_3.15.100.v20191114-1701.jar:na]
	at org.eclipse.osgi.framework.eventmgr.ListenerQueue.dispatchEventSynchronous(ListenerQueue.java:151) ~[org.eclipse.osgi_3.15.100.v20191114-1701.jar:na]
	at org.eclipse.equinox.internal.event.EventAdminImpl.dispatchEvent(EventAdminImpl.java:132) ~[na:na]
	at org.eclipse.equinox.internal.event.EventAdminImpl.sendEvent(EventAdminImpl.java:75) ~[na:na]
	at org.eclipse.equinox.internal.event.EventComponent.sendEvent(EventComponent.java:44) ~[na:na]
	at org.eclipse.e4.ui.services.internal.events.EventBroker.send(EventBroker.java:55) ~[na:na]
	at org.eclipse.e4.ui.internal.workbench.UIEventPublisher.notifyChanged(UIEventPublisher.java:63) ~[na:na]
	at org.eclipse.emf.common.notify.impl.BasicNotifierImpl.eNotify(BasicNotifierImpl.java:424) ~[na:na]
	at org.eclipse.e4.ui.model.application.ui.impl.ElementContainerImpl.setSelectedElementGen(ElementContainerImpl.java:170) ~[na:na]
	at org.eclipse.e4.ui.model.application.ui.impl.ElementContainerImpl.setSelectedElement(ElementContainerImpl.java:188) ~[na:na]
	at org.eclipse.e4.ui.internal.workbench.PartServiceImpl.hidePart(PartServiceImpl.java:1359) ~[na:na]
	at org.eclipse.e4.ui.internal.workbench.PartServiceImpl.hidePart(PartServiceImpl.java:1309) ~[na:na]
	at org.eclipse.e4.ui.workbench.renderers.swt.StackRenderer.closePart(StackRenderer.java:1270) ~[na:na]
	at org.eclipse.e4.ui.workbench.renderers.swt.StackRenderer.access$0(StackRenderer.java:1256) ~[na:na]
	at org.eclipse.e4.ui.workbench.renderers.swt.StackRenderer$3.close(StackRenderer.java:1128) ~[na:na]
	at org.eclipse.swt.custom.CTabFolder.onMouse(CTabFolder.java:1956) ~[org.eclipse.swt.gtk.linux.x86_64_3.113.0.v20191204-0601.jar:na]
	at org.eclipse.swt.custom.CTabFolder.lambda$0(CTabFolder.java:335) ~[org.eclipse.swt.gtk.linux.x86_64_3.113.0.v20191204-0601.jar:na]
	at org.eclipse.swt.widgets.EventTable.sendEvent(EventTable.java:89) ~[org.eclipse.swt.gtk.linux.x86_64_3.113.0.v20191204-0601.jar:na]
	at org.eclipse.swt.widgets.Display.sendEvent(Display.java:5676) ~[org.eclipse.swt.gtk.linux.x86_64_3.113.0.v20191204-0601.jar:na]
	at org.eclipse.swt.widgets.Widget.sendEvent(Widget.java:1423) ~[org.eclipse.swt.gtk.linux.x86_64_3.113.0.v20191204-0601.jar:na]
	at org.eclipse.swt.widgets.Display.runDeferredEvents(Display.java:4935) ~[org.eclipse.swt.gtk.linux.x86_64_3.113.0.v20191204-0601.jar:na]
	at org.eclipse.swt.widgets.Display.readAndDispatch(Display.java:4429) ~[org.eclipse.swt.gtk.linux.x86_64_3.113.0.v20191204-0601.jar:na]
	at org.eclipse.e4.ui.internal.workbench.swt.PartRenderingEngine$5.run(PartRenderingEngine.java:1160) ~[na:na]
	at org.eclipse.core.databinding.observable.Realm.runWithDefault(Realm.java:338) ~[na:na]
	at org.eclipse.e4.ui.internal.workbench.swt.PartRenderingEngine.run(PartRenderingEngine.java:1049) ~[na:na]
	at org.eclipse.e4.ui.internal.workbench.E4Workbench.createAndRunUI(E4Workbench.java:155) ~[na:na]
	at org.eclipse.ui.internal.Workbench.lambda$3(Workbench.java:660) ~[na:na]
	at org.eclipse.core.databinding.observable.Realm.runWithDefault(Realm.java:338) ~[na:na]
	at org.eclipse.ui.internal.Workbench.createAndRunWorkbench(Workbench.java:559) ~[na:na]
	at org.eclipse.ui.PlatformUI.createAndRunWorkbench(PlatformUI.java:154) ~[na:na]
	at org.eclipse.ui.internal.ide.application.IDEApplication.start(IDEApplication.java:150) ~[na:na]
	at org.eclipse.equinox.internal.app.EclipseAppHandle.run(EclipseAppHandle.java:203) ~[org.eclipse.equinox.app_1.4.300.v20190815-1535.jar:na]
	at org.eclipse.core.runtime.internal.adaptor.EclipseAppLauncher.runApplication(EclipseAppLauncher.java:137) ~[org.eclipse.osgi_3.15.100.v20191114-1701.jar:na]
	at org.eclipse.core.runtime.internal.adaptor.EclipseAppLauncher.start(EclipseAppLauncher.java:107) ~[org.eclipse.osgi_3.15.100.v20191114-1701.jar:na]
	at org.eclipse.core.runtime.adaptor.EclipseStarter.run(EclipseStarter.java:401) ~[org.eclipse.osgi_3.15.100.v20191114-1701.jar:na]
	at org.eclipse.core.runtime.adaptor.EclipseStarter.run(EclipseStarter.java:255) ~[org.eclipse.osgi_3.15.100.v20191114-1701.jar:na]
	at java.base/jdk.internal.reflect.NativeMethodAccessorImpl.invoke0(Native Method) ~[na:na]
	at java.base/jdk.internal.reflect.NativeMethodAccessorImpl.invoke(NativeMethodAccessorImpl.java:62) ~[na:na]
	at java.base/jdk.internal.reflect.DelegatingMethodAccessorImpl.invoke(DelegatingMethodAccessorImpl.java:43) ~[na:na]
	at java.base/java.lang.reflect.Method.invoke(Method.java:566) ~[na:na]
	at org.eclipse.equinox.launcher.Main.invokeFramework(Main.java:657) ~[org.eclipse.equinox.launcher_1.5.600.v20191014-2022.jar:na]
	at org.eclipse.equinox.launcher.Main.basicRun(Main.java:594) ~[org.eclipse.equinox.launcher_1.5.600.v20191014-2022.jar:na]
	at org.eclipse.equinox.launcher.Main.run(Main.java:1465) ~[org.eclipse.equinox.launcher_1.5.600.v20191014-2022.jar:na]
	at org.eclipse.equinox.launcher.Main.main(Main.java:1438) ~[org.eclipse.equinox.launcher_1.5.600.v20191014-2022.jar:na]
Caused by: org.eclipse.core.runtime.CoreException: Cannot determine URI for '/springPridDevBank-master/pom.xml'.
	at org.eclipse.core.internal.filebuffers.ResourceFileBuffer.create(ResourceFileBuffer.java:239) ~[na:na]
	at org.eclipse.core.internal.filebuffers.TextFileBufferManager.connect(TextFileBufferManager.java:115) ~[na:na]
	at org.eclipse.ui.editors.text.TextFileDocumentProvider.createFileInfo(TextFileDocumentProvider.java:563) ~[na:na]
	at org.eclipse.ui.editors.text.TextFileDocumentProvider.connect(TextFileDocumentProvider.java:481) ~[na:na]
	at org.eclipse.ui.texteditor.AbstractTextEditor.doSetInput(AbstractTextEditor.java:4212) ~[na:na]
	at org.eclipse.ui.texteditor.StatusTextEditor.doSetInput(StatusTextEditor.java:260) ~[na:na]
	at org.eclipse.ui.texteditor.AbstractDecoratedTextEditor.doSetInput(AbstractDecoratedTextEditor.java:1484) ~[na:na]
	at org.eclipse.ui.editors.text.TextEditor.doSetInput(TextEditor.java:153) ~[na:na]
	at org.eclipse.wst.sse.ui.StructuredTextEditor.doSetInput(StructuredTextEditor.java:2003) ~[na:na]
	at org.eclipse.ui.texteditor.AbstractTextEditor.lambda$1(AbstractTextEditor.java:3179) ~[na:na]
	at org.eclipse.jface.operation.ModalContext.runInCurrentThread(ModalContext.java:436) ~[org.eclipse.jface_3.18.0.v20191122-2109.jar:na]
	at org.eclipse.jface.operation.ModalContext.run(ModalContext.java:352) ~[org.eclipse.jface_3.18.0.v20191122-2109.jar:na]
	at org.eclipse.ui.internal.WorkbenchWindow.lambda$5(WorkbenchWindow.java:2419) ~[na:na]
	at org.eclipse.swt.custom.BusyIndicator.showWhile(BusyIndicator.java:72) ~[org.eclipse.swt.gtk.linux.x86_64_3.113.0.v20191204-0601.jar:na]
	at org.eclipse.ui.internal.WorkbenchWindow.run(WorkbenchWindow.java:2417) ~[na:na]
	at org.eclipse.ui.texteditor.AbstractTextEditor.internalInit(AbstractTextEditor.java:3196) ~[na:na]
	... 90 common frames omitted
2021-08-09 23:23:16,565 [main] ERROR o.e.m.editor.pom.MavenPomEditorPage - Resource '/springPridDevBank-master/pom.xml' does not exist.
org.eclipse.core.internal.resources.ResourceException: Resource '/springPridDevBank-master/pom.xml' does not exist.
	at org.eclipse.core.internal.resources.Resource.checkExists(Resource.java:330) ~[na:na]
	at org.eclipse.core.internal.resources.Resource.checkAccessible(Resource.java:204) ~[na:na]
	at org.eclipse.core.internal.resources.Resource.findMarkers(Resource.java:980) ~[na:na]
	at org.eclipse.m2e.editor.pom.MavenPomEditorPage.doLoadData(MavenPomEditorPage.java:270) ~[na:na]
	at org.eclipse.m2e.editor.pom.MavenPomEditorPage.setActive(MavenPomEditorPage.java:224) ~[na:na]
	at org.eclipse.ui.forms.editor.FormEditor.pageChange(FormEditor.java:498) ~[na:na]
	at org.eclipse.m2e.editor.pom.MavenPomEditor.pageChange(MavenPomEditor.java:365) ~[na:na]
	at org.eclipse.ui.part.MultiPageEditorPart.setActivePage(MultiPageEditorPart.java:1034) ~[na:na]
	at org.eclipse.ui.forms.editor.FormEditor.setActivePage(FormEditor.java:617) ~[na:na]
	at org.eclipse.m2e.editor.pom.MavenPomEditor.setActivePage(MavenPomEditor.java:1014) ~[na:na]
	at org.eclipse.m2e.editor.pom.MavenPomEditor.selectActivePage(MavenPomEditor.java:352) ~[na:na]
	at org.eclipse.m2e.editor.pom.MavenPomEditor.addPages(MavenPomEditor.java:345) ~[na:na]
	at org.eclipse.ui.forms.editor.FormEditor.createPages(FormEditor.java:143) ~[na:na]
	at org.eclipse.ui.part.MultiPageEditorPart.createPartControl(MultiPageEditorPart.java:333) ~[na:na]
	at org.eclipse.ui.internal.e4.compatibility.CompatibilityPart.createPartControl(CompatibilityPart.java:154) ~[na:na]
	at org.eclipse.ui.internal.e4.compatibility.CompatibilityEditor.createPartControl(CompatibilityEditor.java:96) ~[na:na]
	at org.eclipse.ui.internal.e4.compatibility.CompatibilityPart.create(CompatibilityPart.java:361) ~[na:na]
	at java.base/jdk.internal.reflect.NativeMethodAccessorImpl.invoke0(Native Method) ~[na:na]
	at java.base/jdk.internal.reflect.NativeMethodAccessorImpl.invoke(NativeMethodAccessorImpl.java:62) ~[na:na]
	at java.base/jdk.internal.reflect.DelegatingMethodAccessorImpl.invoke(DelegatingMethodAccessorImpl.java:43) ~[na:na]
	at java.base/java.lang.reflect.Method.invoke(Method.java:566) ~[na:na]
	at org.eclipse.e4.core.internal.di.MethodRequestor.execute(MethodRequestor.java:58) ~[na:na]
	at org.eclipse.e4.core.internal.di.InjectorImpl.processAnnotated(InjectorImpl.java:1002) ~[na:na]
	at org.eclipse.e4.core.internal.di.InjectorImpl.processAnnotated(InjectorImpl.java:967) ~[na:na]
	at org.eclipse.e4.core.internal.di.InjectorImpl.internalInject(InjectorImpl.java:139) ~[na:na]
	at org.eclipse.e4.core.internal.di.InjectorImpl.internalMake(InjectorImpl.java:408) ~[na:na]
	at org.eclipse.e4.core.internal.di.InjectorImpl.make(InjectorImpl.java:331) ~[na:na]
	at org.eclipse.e4.core.contexts.ContextInjectionFactory.make(ContextInjectionFactory.java:202) ~[na:na]
	at org.eclipse.e4.ui.internal.workbench.ReflectionContributionFactory.createFromBundle(ReflectionContributionFactory.java:91) ~[na:na]
	at org.eclipse.e4.ui.internal.workbench.ReflectionContributionFactory.doCreate(ReflectionContributionFactory.java:60) ~[na:na]
	at org.eclipse.e4.ui.internal.workbench.ReflectionContributionFactory.create(ReflectionContributionFactory.java:42) ~[na:na]
	at org.eclipse.e4.ui.workbench.renderers.swt.ContributedPartRenderer.createWidget(ContributedPartRenderer.java:132) ~[na:na]
	at org.eclipse.e4.ui.internal.workbench.swt.PartRenderingEngine.createWidget(PartRenderingEngine.java:1002) ~[na:na]
	at org.eclipse.e4.ui.internal.workbench.swt.PartRenderingEngine.safeCreateGui(PartRenderingEngine.java:662) ~[na:na]
	at org.eclipse.e4.ui.internal.workbench.swt.PartRenderingEngine.safeCreateGui(PartRenderingEngine.java:768) ~[na:na]
	at org.eclipse.e4.ui.internal.workbench.swt.PartRenderingEngine.access$0(PartRenderingEngine.java:739) ~[na:na]
	at org.eclipse.e4.ui.internal.workbench.swt.PartRenderingEngine$2.run(PartRenderingEngine.java:733) ~[na:na]
	at org.eclipse.core.runtime.SafeRunner.run(SafeRunner.java:45) ~[org.eclipse.equinox.common_3.10.600.v20191004-1420.jar:na]
	at org.eclipse.e4.ui.internal.workbench.swt.PartRenderingEngine.createGui(PartRenderingEngine.java:717) ~[na:na]
	at org.eclipse.e4.ui.workbench.renderers.swt.StackRenderer.showTab(StackRenderer.java:1297) ~[na:na]
	at org.eclipse.e4.ui.workbench.renderers.swt.LazyStackRenderer.lambda$0(LazyStackRenderer.java:75) ~[na:na]
	at org.eclipse.e4.ui.services.internal.events.UIEventHandler.lambda$0(UIEventHandler.java:38) ~[na:na]
	at org.eclipse.swt.widgets.Synchronizer.syncExec(Synchronizer.java:236) ~[org.eclipse.swt.gtk.linux.x86_64_3.113.0.v20191204-0601.jar:na]
	at org.eclipse.ui.internal.UISynchronizer.syncExec(UISynchronizer.java:146) ~[na:na]
	at org.eclipse.swt.widgets.Display.syncExec(Display.java:5786) ~[org.eclipse.swt.gtk.linux.x86_64_3.113.0.v20191204-0601.jar:na]
	at org.eclipse.e4.ui.internal.workbench.swt.E4Application$1.syncExec(E4Application.java:219) ~[na:na]
	at org.eclipse.e4.ui.services.internal.events.UIEventHandler.handleEvent(UIEventHandler.java:38) ~[na:na]
	at org.eclipse.equinox.internal.event.EventHandlerWrapper.handleEvent(EventHandlerWrapper.java:205) ~[na:na]
	at org.eclipse.equinox.internal.event.EventHandlerTracker.dispatchEvent(EventHandlerTracker.java:203) ~[na:na]
	at org.eclipse.equinox.internal.event.EventHandlerTracker.dispatchEvent(EventHandlerTracker.java:1) ~[na:na]
	at org.eclipse.osgi.framework.eventmgr.EventManager.dispatchEvent(EventManager.java:234) ~[org.eclipse.osgi_3.15.100.v20191114-1701.jar:na]
	at org.eclipse.osgi.framework.eventmgr.ListenerQueue.dispatchEventSynchronous(ListenerQueue.java:151) ~[org.eclipse.osgi_3.15.100.v20191114-1701.jar:na]
	at org.eclipse.equinox.internal.event.EventAdminImpl.dispatchEvent(EventAdminImpl.java:132) ~[na:na]
	at org.eclipse.equinox.internal.event.EventAdminImpl.sendEvent(EventAdminImpl.java:75) ~[na:na]
	at org.eclipse.equinox.internal.event.EventComponent.sendEvent(EventComponent.java:44) ~[na:na]
	at org.eclipse.e4.ui.services.internal.events.EventBroker.send(EventBroker.java:55) ~[na:na]
	at org.eclipse.e4.ui.internal.workbench.UIEventPublisher.notifyChanged(UIEventPublisher.java:63) ~[na:na]
	at org.eclipse.emf.common.notify.impl.BasicNotifierImpl.eNotify(BasicNotifierImpl.java:424) ~[na:na]
	at org.eclipse.e4.ui.model.application.ui.impl.ElementContainerImpl.setSelectedElementGen(ElementContainerImpl.java:170) ~[na:na]
	at org.eclipse.e4.ui.model.application.ui.impl.ElementContainerImpl.setSelectedElement(ElementContainerImpl.java:188) ~[na:na]
	at org.eclipse.e4.ui.internal.workbench.PartServiceImpl.hidePart(PartServiceImpl.java:1359) ~[na:na]
	at org.eclipse.e4.ui.internal.workbench.PartServiceImpl.hidePart(PartServiceImpl.java:1309) ~[na:na]
	at org.eclipse.e4.ui.workbench.renderers.swt.StackRenderer.closePart(StackRenderer.java:1270) ~[na:na]
	at org.eclipse.e4.ui.workbench.renderers.swt.StackRenderer.access$0(StackRenderer.java:1256) ~[na:na]
	at org.eclipse.e4.ui.workbench.renderers.swt.StackRenderer$3.close(StackRenderer.java:1128) ~[na:na]
	at org.eclipse.swt.custom.CTabFolder.onMouse(CTabFolder.java:1956) ~[org.eclipse.swt.gtk.linux.x86_64_3.113.0.v20191204-0601.jar:na]
	at org.eclipse.swt.custom.CTabFolder.lambda$0(CTabFolder.java:335) ~[org.eclipse.swt.gtk.linux.x86_64_3.113.0.v20191204-0601.jar:na]
	at org.eclipse.swt.widgets.EventTable.sendEvent(EventTable.java:89) ~[org.eclipse.swt.gtk.linux.x86_64_3.113.0.v20191204-0601.jar:na]
	at org.eclipse.swt.widgets.Display.sendEvent(Display.java:5676) ~[org.eclipse.swt.gtk.linux.x86_64_3.113.0.v20191204-0601.jar:na]
	at org.eclipse.swt.widgets.Widget.sendEvent(Widget.java:1423) ~[org.eclipse.swt.gtk.linux.x86_64_3.113.0.v20191204-0601.jar:na]
	at org.eclipse.swt.widgets.Display.runDeferredEvents(Display.java:4935) ~[org.eclipse.swt.gtk.linux.x86_64_3.113.0.v20191204-0601.jar:na]
	at org.eclipse.swt.widgets.Display.readAndDispatch(Display.java:4429) ~[org.eclipse.swt.gtk.linux.x86_64_3.113.0.v20191204-0601.jar:na]
	at org.eclipse.e4.ui.internal.workbench.swt.PartRenderingEngine$5.run(PartRenderingEngine.java:1160) ~[na:na]
	at org.eclipse.core.databinding.observable.Realm.runWithDefault(Realm.java:338) ~[na:na]
	at org.eclipse.e4.ui.internal.workbench.swt.PartRenderingEngine.run(PartRenderingEngine.java:1049) ~[na:na]
	at org.eclipse.e4.ui.internal.workbench.E4Workbench.createAndRunUI(E4Workbench.java:155) ~[na:na]
	at org.eclipse.ui.internal.Workbench.lambda$3(Workbench.java:660) ~[na:na]
	at org.eclipse.core.databinding.observable.Realm.runWithDefault(Realm.java:338) ~[na:na]
	at org.eclipse.ui.internal.Workbench.createAndRunWorkbench(Workbench.java:559) ~[na:na]
	at org.eclipse.ui.PlatformUI.createAndRunWorkbench(PlatformUI.java:154) ~[na:na]
	at org.eclipse.ui.internal.ide.application.IDEApplication.start(IDEApplication.java:150) ~[na:na]
	at org.eclipse.equinox.internal.app.EclipseAppHandle.run(EclipseAppHandle.java:203) ~[org.eclipse.equinox.app_1.4.300.v20190815-1535.jar:na]
	at org.eclipse.core.runtime.internal.adaptor.EclipseAppLauncher.runApplication(EclipseAppLauncher.java:137) ~[org.eclipse.osgi_3.15.100.v20191114-1701.jar:na]
	at org.eclipse.core.runtime.internal.adaptor.EclipseAppLauncher.start(EclipseAppLauncher.java:107) ~[org.eclipse.osgi_3.15.100.v20191114-1701.jar:na]
	at org.eclipse.core.runtime.adaptor.EclipseStarter.run(EclipseStarter.java:401) ~[org.eclipse.osgi_3.15.100.v20191114-1701.jar:na]
	at org.eclipse.core.runtime.adaptor.EclipseStarter.run(EclipseStarter.java:255) ~[org.eclipse.osgi_3.15.100.v20191114-1701.jar:na]
	at java.base/jdk.internal.reflect.NativeMethodAccessorImpl.invoke0(Native Method) ~[na:na]
	at java.base/jdk.internal.reflect.NativeMethodAccessorImpl.invoke(NativeMethodAccessorImpl.java:62) ~[na:na]
	at java.base/jdk.internal.reflect.DelegatingMethodAccessorImpl.invoke(DelegatingMethodAccessorImpl.java:43) ~[na:na]
	at java.base/java.lang.reflect.Method.invoke(Method.java:566) ~[na:na]
	at org.eclipse.equinox.launcher.Main.invokeFramework(Main.java:657) ~[org.eclipse.equinox.launcher_1.5.600.v20191014-2022.jar:na]
	at org.eclipse.equinox.launcher.Main.basicRun(Main.java:594) ~[org.eclipse.equinox.launcher_1.5.600.v20191014-2022.jar:na]
	at org.eclipse.equinox.launcher.Main.run(Main.java:1465) ~[org.eclipse.equinox.launcher_1.5.600.v20191014-2022.jar:na]
	at org.eclipse.equinox.launcher.Main.main(Main.java:1438) ~[org.eclipse.equinox.launcher_1.5.600.v20191014-2022.jar:na]
Caused by: java.lang.Exception: Resource '/springPridDevBank-master/pom.xml' does not exist.
	at org.eclipse.core.internal.resources.ResourceException.provideStackTrace(ResourceException.java:42) ~[na:na]
	at org.eclipse.core.internal.resources.ResourceException.<init>(ResourceException.java:38) ~[na:na]
	... 94 common frames omitted
2021-08-09 23:23:16,607 [main] ERROR o.e.m.editor.pom.MavenPomEditorPage - Resource '/springPridDevBank-master/pom.xml' does not exist.
org.eclipse.core.internal.resources.ResourceException: Resource '/springPridDevBank-master/pom.xml' does not exist.
	at org.eclipse.core.internal.resources.Resource.checkExists(Resource.java:330) ~[na:na]
	at org.eclipse.core.internal.resources.Resource.checkAccessible(Resource.java:204) ~[na:na]
	at org.eclipse.core.internal.resources.Resource.findMarkers(Resource.java:980) ~[na:na]
	at org.eclipse.m2e.editor.pom.MavenPomEditorPage.doLoadData(MavenPomEditorPage.java:270) ~[na:na]
	at org.eclipse.m2e.editor.pom.MavenPomEditorPage.setActive(MavenPomEditorPage.java:224) ~[na:na]
	at org.eclipse.ui.forms.editor.FormEditor.setActivePage(FormEditor.java:619) ~[na:na]
	at org.eclipse.m2e.editor.pom.MavenPomEditor.setActivePage(MavenPomEditor.java:1014) ~[na:na]
	at org.eclipse.m2e.editor.pom.MavenPomEditor.selectActivePage(MavenPomEditor.java:352) ~[na:na]
	at org.eclipse.m2e.editor.pom.MavenPomEditor.addPages(MavenPomEditor.java:345) ~[na:na]
	at org.eclipse.ui.forms.editor.FormEditor.createPages(FormEditor.java:143) ~[na:na]
	at org.eclipse.ui.part.MultiPageEditorPart.createPartControl(MultiPageEditorPart.java:333) ~[na:na]
	at org.eclipse.ui.internal.e4.compatibility.CompatibilityPart.createPartControl(CompatibilityPart.java:154) ~[na:na]
	at org.eclipse.ui.internal.e4.compatibility.CompatibilityEditor.createPartControl(CompatibilityEditor.java:96) ~[na:na]
	at org.eclipse.ui.internal.e4.compatibility.CompatibilityPart.create(CompatibilityPart.java:361) ~[na:na]
	at java.base/jdk.internal.reflect.NativeMethodAccessorImpl.invoke0(Native Method) ~[na:na]
	at java.base/jdk.internal.reflect.NativeMethodAccessorImpl.invoke(NativeMethodAccessorImpl.java:62) ~[na:na]
	at java.base/jdk.internal.reflect.DelegatingMethodAccessorImpl.invoke(DelegatingMethodAccessorImpl.java:43) ~[na:na]
	at java.base/java.lang.reflect.Method.invoke(Method.java:566) ~[na:na]
	at org.eclipse.e4.core.internal.di.MethodRequestor.execute(MethodRequestor.java:58) ~[na:na]
	at org.eclipse.e4.core.internal.di.InjectorImpl.processAnnotated(InjectorImpl.java:1002) ~[na:na]
	at org.eclipse.e4.core.internal.di.InjectorImpl.processAnnotated(InjectorImpl.java:967) ~[na:na]
	at org.eclipse.e4.core.internal.di.InjectorImpl.internalInject(InjectorImpl.java:139) ~[na:na]
	at org.eclipse.e4.core.internal.di.InjectorImpl.internalMake(InjectorImpl.java:408) ~[na:na]
	at org.eclipse.e4.core.internal.di.InjectorImpl.make(InjectorImpl.java:331) ~[na:na]
	at org.eclipse.e4.core.contexts.ContextInjectionFactory.make(ContextInjectionFactory.java:202) ~[na:na]
	at org.eclipse.e4.ui.internal.workbench.ReflectionContributionFactory.createFromBundle(ReflectionContributionFactory.java:91) ~[na:na]
	at org.eclipse.e4.ui.internal.workbench.ReflectionContributionFactory.doCreate(ReflectionContributionFactory.java:60) ~[na:na]
	at org.eclipse.e4.ui.internal.workbench.ReflectionContributionFactory.create(ReflectionContributionFactory.java:42) ~[na:na]
	at org.eclipse.e4.ui.workbench.renderers.swt.ContributedPartRenderer.createWidget(ContributedPartRenderer.java:132) ~[na:na]
	at org.eclipse.e4.ui.internal.workbench.swt.PartRenderingEngine.createWidget(PartRenderingEngine.java:1002) ~[na:na]
	at org.eclipse.e4.ui.internal.workbench.swt.PartRenderingEngine.safeCreateGui(PartRenderingEngine.java:662) ~[na:na]
	at org.eclipse.e4.ui.internal.workbench.swt.PartRenderingEngine.safeCreateGui(PartRenderingEngine.java:768) ~[na:na]
	at org.eclipse.e4.ui.internal.workbench.swt.PartRenderingEngine.access$0(PartRenderingEngine.java:739) ~[na:na]
	at org.eclipse.e4.ui.internal.workbench.swt.PartRenderingEngine$2.run(PartRenderingEngine.java:733) ~[na:na]
	at org.eclipse.core.runtime.SafeRunner.run(SafeRunner.java:45) ~[org.eclipse.equinox.common_3.10.600.v20191004-1420.jar:na]
	at org.eclipse.e4.ui.internal.workbench.swt.PartRenderingEngine.createGui(PartRenderingEngine.java:717) ~[na:na]
	at org.eclipse.e4.ui.workbench.renderers.swt.StackRenderer.showTab(StackRenderer.java:1297) ~[na:na]
	at org.eclipse.e4.ui.workbench.renderers.swt.LazyStackRenderer.lambda$0(LazyStackRenderer.java:75) ~[na:na]
	at org.eclipse.e4.ui.services.internal.events.UIEventHandler.lambda$0(UIEventHandler.java:38) ~[na:na]
	at org.eclipse.swt.widgets.Synchronizer.syncExec(Synchronizer.java:236) ~[org.eclipse.swt.gtk.linux.x86_64_3.113.0.v20191204-0601.jar:na]
	at org.eclipse.ui.internal.UISynchronizer.syncExec(UISynchronizer.java:146) ~[na:na]
	at org.eclipse.swt.widgets.Display.syncExec(Display.java:5786) ~[org.eclipse.swt.gtk.linux.x86_64_3.113.0.v20191204-0601.jar:na]
	at org.eclipse.e4.ui.internal.workbench.swt.E4Application$1.syncExec(E4Application.java:219) ~[na:na]
	at org.eclipse.e4.ui.services.internal.events.UIEventHandler.handleEvent(UIEventHandler.java:38) ~[na:na]
	at org.eclipse.equinox.internal.event.EventHandlerWrapper.handleEvent(EventHandlerWrapper.java:205) ~[na:na]
	at org.eclipse.equinox.internal.event.EventHandlerTracker.dispatchEvent(EventHandlerTracker.java:203) ~[na:na]
	at org.eclipse.equinox.internal.event.EventHandlerTracker.dispatchEvent(EventHandlerTracker.java:1) ~[na:na]
	at org.eclipse.osgi.framework.eventmgr.EventManager.dispatchEvent(EventManager.java:234) ~[org.eclipse.osgi_3.15.100.v20191114-1701.jar:na]
	at org.eclipse.osgi.framework.eventmgr.ListenerQueue.dispatchEventSynchronous(ListenerQueue.java:151) ~[org.eclipse.osgi_3.15.100.v20191114-1701.jar:na]
	at org.eclipse.equinox.internal.event.EventAdminImpl.dispatchEvent(EventAdminImpl.java:132) ~[na:na]
	at org.eclipse.equinox.internal.event.EventAdminImpl.sendEvent(EventAdminImpl.java:75) ~[na:na]
	at org.eclipse.equinox.internal.event.EventComponent.sendEvent(EventComponent.java:44) ~[na:na]
	at org.eclipse.e4.ui.services.internal.events.EventBroker.send(EventBroker.java:55) ~[na:na]
	at org.eclipse.e4.ui.internal.workbench.UIEventPublisher.notifyChanged(UIEventPublisher.java:63) ~[na:na]
	at org.eclipse.emf.common.notify.impl.BasicNotifierImpl.eNotify(BasicNotifierImpl.java:424) ~[na:na]
	at org.eclipse.e4.ui.model.application.ui.impl.ElementContainerImpl.setSelectedElementGen(ElementContainerImpl.java:170) ~[na:na]
	at org.eclipse.e4.ui.model.application.ui.impl.ElementContainerImpl.setSelectedElement(ElementContainerImpl.java:188) ~[na:na]
	at org.eclipse.e4.ui.internal.workbench.PartServiceImpl.hidePart(PartServiceImpl.java:1359) ~[na:na]
	at org.eclipse.e4.ui.internal.workbench.PartServiceImpl.hidePart(PartServiceImpl.java:1309) ~[na:na]
	at org.eclipse.e4.ui.workbench.renderers.swt.StackRenderer.closePart(StackRenderer.java:1270) ~[na:na]
	at org.eclipse.e4.ui.workbench.renderers.swt.StackRenderer.access$0(StackRenderer.java:1256) ~[na:na]
	at org.eclipse.e4.ui.workbench.renderers.swt.StackRenderer$3.close(StackRenderer.java:1128) ~[na:na]
	at org.eclipse.swt.custom.CTabFolder.onMouse(CTabFolder.java:1956) ~[org.eclipse.swt.gtk.linux.x86_64_3.113.0.v20191204-0601.jar:na]
	at org.eclipse.swt.custom.CTabFolder.lambda$0(CTabFolder.java:335) ~[org.eclipse.swt.gtk.linux.x86_64_3.113.0.v20191204-0601.jar:na]
	at org.eclipse.swt.widgets.EventTable.sendEvent(EventTable.java:89) ~[org.eclipse.swt.gtk.linux.x86_64_3.113.0.v20191204-0601.jar:na]
	at org.eclipse.swt.widgets.Display.sendEvent(Display.java:5676) ~[org.eclipse.swt.gtk.linux.x86_64_3.113.0.v20191204-0601.jar:na]
	at org.eclipse.swt.widgets.Widget.sendEvent(Widget.java:1423) ~[org.eclipse.swt.gtk.linux.x86_64_3.113.0.v20191204-0601.jar:na]
	at org.eclipse.swt.widgets.Display.runDeferredEvents(Display.java:4935) ~[org.eclipse.swt.gtk.linux.x86_64_3.113.0.v20191204-0601.jar:na]
	at org.eclipse.swt.widgets.Display.readAndDispatch(Display.java:4429) ~[org.eclipse.swt.gtk.linux.x86_64_3.113.0.v20191204-0601.jar:na]
	at org.eclipse.e4.ui.internal.workbench.swt.PartRenderingEngine$5.run(PartRenderingEngine.java:1160) ~[na:na]
	at org.eclipse.core.databinding.observable.Realm.runWithDefault(Realm.java:338) ~[na:na]
	at org.eclipse.e4.ui.internal.workbench.swt.PartRenderingEngine.run(PartRenderingEngine.java:1049) ~[na:na]
	at org.eclipse.e4.ui.internal.workbench.E4Workbench.createAndRunUI(E4Workbench.java:155) ~[na:na]
	at org.eclipse.ui.internal.Workbench.lambda$3(Workbench.java:660) ~[na:na]
	at org.eclipse.core.databinding.observable.Realm.runWithDefault(Realm.java:338) ~[na:na]
	at org.eclipse.ui.internal.Workbench.createAndRunWorkbench(Workbench.java:559) ~[na:na]
	at org.eclipse.ui.PlatformUI.createAndRunWorkbench(PlatformUI.java:154) ~[na:na]
	at org.eclipse.ui.internal.ide.application.IDEApplication.start(IDEApplication.java:150) ~[na:na]
	at org.eclipse.equinox.internal.app.EclipseAppHandle.run(EclipseAppHandle.java:203) ~[org.eclipse.equinox.app_1.4.300.v20190815-1535.jar:na]
	at org.eclipse.core.runtime.internal.adaptor.EclipseAppLauncher.runApplication(EclipseAppLauncher.java:137) ~[org.eclipse.osgi_3.15.100.v20191114-1701.jar:na]
	at org.eclipse.core.runtime.internal.adaptor.EclipseAppLauncher.start(EclipseAppLauncher.java:107) ~[org.eclipse.osgi_3.15.100.v20191114-1701.jar:na]
	at org.eclipse.core.runtime.adaptor.EclipseStarter.run(EclipseStarter.java:401) ~[org.eclipse.osgi_3.15.100.v20191114-1701.jar:na]
	at org.eclipse.core.runtime.adaptor.EclipseStarter.run(EclipseStarter.java:255) ~[org.eclipse.osgi_3.15.100.v20191114-1701.jar:na]
	at java.base/jdk.internal.reflect.NativeMethodAccessorImpl.invoke0(Native Method) ~[na:na]
	at java.base/jdk.internal.reflect.NativeMethodAccessorImpl.invoke(NativeMethodAccessorImpl.java:62) ~[na:na]
	at java.base/jdk.internal.reflect.DelegatingMethodAccessorImpl.invoke(DelegatingMethodAccessorImpl.java:43) ~[na:na]
	at java.base/java.lang.reflect.Method.invoke(Method.java:566) ~[na:na]
	at org.eclipse.equinox.launcher.Main.invokeFramework(Main.java:657) ~[org.eclipse.equinox.launcher_1.5.600.v20191014-2022.jar:na]
	at org.eclipse.equinox.launcher.Main.basicRun(Main.java:594) ~[org.eclipse.equinox.launcher_1.5.600.v20191014-2022.jar:na]
	at org.eclipse.equinox.launcher.Main.run(Main.java:1465) ~[org.eclipse.equinox.launcher_1.5.600.v20191014-2022.jar:na]
	at org.eclipse.equinox.launcher.Main.main(Main.java:1438) ~[org.eclipse.equinox.launcher_1.5.600.v20191014-2022.jar:na]
Caused by: java.lang.Exception: Resource '/springPridDevBank-master/pom.xml' does not exist.
	at org.eclipse.core.internal.resources.ResourceException.provideStackTrace(ResourceException.java:42) ~[na:na]
	at org.eclipse.core.internal.resources.ResourceException.<init>(ResourceException.java:38) ~[na:na]
	... 91 common frames omitted
2021-08-09 23:23:19,257 [main] ERROR o.e.m2e.editor.pom.OverviewPage - Failed to populate overview panel
java.lang.NullPointerException: null
	at org.eclipse.m2e.core.ui.internal.editing.PomEdits.performOnDOMDocument(PomEdits.java:512) ~[org.eclipse.m2e.core.ui_1.14.0.20191209-1925.jar:na]
	at org.eclipse.m2e.editor.pom.OverviewPage.lambda$2(OverviewPage.java:1124) ~[na:na]
	at org.eclipse.swt.widgets.RunnableLock.run(RunnableLock.java:40) ~[org.eclipse.swt.gtk.linux.x86_64_3.113.0.v20191204-0601.jar:na]
	at org.eclipse.swt.widgets.Synchronizer.runAsyncMessages(Synchronizer.java:185) ~[org.eclipse.swt.gtk.linux.x86_64_3.113.0.v20191204-0601.jar:na]
	at org.eclipse.swt.widgets.Display.runAsyncMessages(Display.java:4910) ~[org.eclipse.swt.gtk.linux.x86_64_3.113.0.v20191204-0601.jar:na]
	at org.eclipse.swt.widgets.Display.readAndDispatch(Display.java:4432) ~[org.eclipse.swt.gtk.linux.x86_64_3.113.0.v20191204-0601.jar:na]
	at org.eclipse.e4.ui.internal.workbench.swt.PartRenderingEngine$5.run(PartRenderingEngine.java:1160) ~[na:na]
	at org.eclipse.core.databinding.observable.Realm.runWithDefault(Realm.java:338) ~[na:na]
	at org.eclipse.e4.ui.internal.workbench.swt.PartRenderingEngine.run(PartRenderingEngine.java:1049) ~[na:na]
	at org.eclipse.e4.ui.internal.workbench.E4Workbench.createAndRunUI(E4Workbench.java:155) ~[na:na]
	at org.eclipse.ui.internal.Workbench.lambda$3(Workbench.java:660) ~[na:na]
	at org.eclipse.core.databinding.observable.Realm.runWithDefault(Realm.java:338) ~[na:na]
	at org.eclipse.ui.internal.Workbench.createAndRunWorkbench(Workbench.java:559) ~[na:na]
	at org.eclipse.ui.PlatformUI.createAndRunWorkbench(PlatformUI.java:154) ~[na:na]
	at org.eclipse.ui.internal.ide.application.IDEApplication.start(IDEApplication.java:150) ~[na:na]
	at org.eclipse.equinox.internal.app.EclipseAppHandle.run(EclipseAppHandle.java:203) ~[org.eclipse.equinox.app_1.4.300.v20190815-1535.jar:na]
	at org.eclipse.core.runtime.internal.adaptor.EclipseAppLauncher.runApplication(EclipseAppLauncher.java:137) ~[org.eclipse.osgi_3.15.100.v20191114-1701.jar:na]
	at org.eclipse.core.runtime.internal.adaptor.EclipseAppLauncher.start(EclipseAppLauncher.java:107) ~[org.eclipse.osgi_3.15.100.v20191114-1701.jar:na]
	at org.eclipse.core.runtime.adaptor.EclipseStarter.run(EclipseStarter.java:401) ~[org.eclipse.osgi_3.15.100.v20191114-1701.jar:na]
	at org.eclipse.core.runtime.adaptor.EclipseStarter.run(EclipseStarter.java:255) ~[org.eclipse.osgi_3.15.100.v20191114-1701.jar:na]
	at java.base/jdk.internal.reflect.NativeMethodAccessorImpl.invoke0(Native Method) ~[na:na]
	at java.base/jdk.internal.reflect.NativeMethodAccessorImpl.invoke(NativeMethodAccessorImpl.java:62) ~[na:na]
	at java.base/jdk.internal.reflect.DelegatingMethodAccessorImpl.invoke(DelegatingMethodAccessorImpl.java:43) ~[na:na]
	at java.base/java.lang.reflect.Method.invoke(Method.java:566) ~[na:na]
	at org.eclipse.equinox.launcher.Main.invokeFramework(Main.java:657) ~[org.eclipse.equinox.launcher_1.5.600.v20191014-2022.jar:na]
	at org.eclipse.equinox.launcher.Main.basicRun(Main.java:594) ~[org.eclipse.equinox.launcher_1.5.600.v20191014-2022.jar:na]
	at org.eclipse.equinox.launcher.Main.run(Main.java:1465) ~[org.eclipse.equinox.launcher_1.5.600.v20191014-2022.jar:na]
	at org.eclipse.equinox.launcher.Main.main(Main.java:1438) ~[org.eclipse.equinox.launcher_1.5.600.v20191014-2022.jar:na]
2021-08-09 23:23:40,943 [Worker-9: Loading available Gradle versions] INFO  o.e.b.c.i.u.g.PublishedGradleVersions - Gradle version information cache is up-to-date. Trying to read.
